# JRE version: Java(TM) SE Runtime Environment (8.0_261-b12) (build 1.8.0_261-b12)
# Java VM: Java HotSpot(TM) 64-Bit Server VM (25.261-b12 mixed mode linux-amd64 compressed oops)
Heap:
 def new generation   total 20224K, used 0K [0x00000000f8200000, 0x00000000f97f0000, 0x00000000fac00000)
  eden space 17984K,   0% used [0x00000000f8200000, 0x00000000f8200000, 0x00000000f9390000)
  from space 2240K,   0% used [0x00000000f95c0000, 0x00000000f95c0000, 0x00000000f97f0000)
  to   space 2240K,   0% used [0x00000000f9390000, 0x00000000f9390000, 0x00000000f95c0000)
 tenured generation   total 82644K, used 43756K [0x00000000fac00000, 0x00000000ffcb5000, 0x0000000100000000)
   the space 82644K,  52% used [0x00000000fac00000, 0x00000000fd6bb378, 0x00000000fd6bb400, 0x00000000ffcb5000)
 Metaspace       used 8094K, capacity 8292K, committed 8576K, reserved 1056768K
  class space    used 980K, capacity 1060K, committed 1152K, reserved 1048576K
GC Heap History (10 events):
Event: 2.449 GC heap after
Heap after GC invocations=11 (full 2):
 def new generation   total 4992K, used 0K [0x00000000f8200000, 0x00000000f8760000, 0x00000000fac00000)
  eden space 4480K,   0% used [0x00000000f8200000, 0x00000000f8200000, 0x00000000f8660000)
  from space 512K,   0% used [0x00000000f8660000, 0x00000000f8660000, 0x00000000f86e0000)
  to   space 512K,   0% used [0x00000000f86e0000, 0x00000000f86e0000, 0x00000000f8760000)
 tenured generation   total 10948K, used 6567K [0x00000000fac00000, 0x00000000fb6b1000, 0x0000000100000000)
   the space 10948K,  59% used [0x00000000fac00000, 0x00000000fb269fa0, 0x00000000fb26a000, 0x00000000fb6b1000)
 Metaspace       used 8094K, capacity 8292K, committed 8576K, reserved 1056768K
  class space    used 980K, capacity 1060K, committed 1152K, reserved 1048576K
}
Event: 2.512 GC heap before
{Heap before GC invocations=11 (full 2):
 def new generation   total 4992K, used 2452K [0x00000000f8200000, 0x00000000f8760000, 0x00000000fac00000)
  eden space 4480K,  54% used [0x00000000f8200000, 0x00000000f84653c0, 0x00000000f8660000)
  from space 512K,   0% used [0x00000000f8660000, 0x00000000f8660000, 0x00000000f86e0000)
  to   space 512K,   0% used [0x00000000f86e0000, 0x00000000f86e0000, 0x00000000f8760000)
 tenured generation   total 10948K, used 6567K [0x00000000fac00000, 0x00000000fb6b1000, 0x0000000100000000)
   the space 10948K,  59% used [0x00000000fac00000, 0x00000000fb269fa0, 0x00000000fb26a000, 0x00000000fb6b1000)
 Metaspace       used 8094K, capacity 8292K, committed 8576K, reserved 1056768K
  class space    used 980K, capacity 1060K, committed 1152K, reserved 1048576K
Event: 2.546 GC heap after
Heap after GC invocations=12 (full 3):
 def new generation   total 5824K, used 0K [0x00000000f8200000, 0x00000000f8850000, 0x00000000fac00000)
  eden space 5184K,   0% used [0x00000000f8200000, 0x00000000f8200000, 0x00000000f8710000)
  from space 640K,   0% used [0x00000000f8710000, 0x00000000f8710000, 0x00000000f87b0000)
  to   space 640K,   0% used [0x00000000f87b0000, 0x00000000f87b0000, 0x00000000f8850000)
 tenured generation   total 12880K, used 7725K [0x00000000fac00000, 0x00000000fb894000, 0x0000000100000000)
   the space 12880K,  59% used [0x00000000fac00000, 0x00000000fb38b780, 0x00000000fb38b800, 0x00000000fb894000)
 Metaspace       used 8094K, capacity 8292K, committed 8576K, reserved 1056768K
  class space    used 980K, capacity 1060K, committed 1152K, reserved 1048576K
}
Event: 2.668 GC heap before
{Heap before GC invocations=12 (full 3):
 def new generation   total 5824K, used 4831K [0x00000000f8200000, 0x00000000f8850000, 0x00000000fac00000)
  eden space 5184K,  93% used [0x00000000f8200000, 0x00000000f86b7ed0, 0x00000000f8710000)
  from space 640K,   0% used [0x00000000f8710000, 0x00000000f8710000, 0x00000000f87b0000)
  to   space 640K,   0% used [0x00000000f87b0000, 0x00000000f87b0000, 0x00000000f8850000)
 tenured generation   total 12880K, used 7725K [0x00000000fac00000, 0x00000000fb894000, 0x0000000100000000)
   the space 12880K,  59% used [0x00000000fac00000, 0x00000000fb38b780, 0x00000000fb38b800, 0x00000000fb894000)
 Metaspace       used 8094K, capacity 8292K, committed 8576K, reserved 1056768K
  class space    used 980K, capacity 1060K, committed 1152K, reserved 1048576K
Event: 2.722 GC heap after
Heap after GC invocations=13 (full 4):
 def new generation   total 7488K, used 0K [0x00000000f8200000, 0x00000000f8a10000, 0x00000000fac00000)
  eden space 6720K,   0% used [0x00000000f8200000, 0x00000000f8200000, 0x00000000f8890000)
  from space 768K,   0% used [0x00000000f8890000, 0x00000000f8890000, 0x00000000f8950000)
  to   space 768K,   0% used [0x00000000f8950000, 0x00000000f8950000, 0x00000000f8a10000)
 tenured generation   total 16412K, used 9845K [0x00000000fac00000, 0x00000000fbc07000, 0x0000000100000000)
   the space 16412K,  59% used [0x00000000fac00000, 0x00000000fb59d6e0, 0x00000000fb59d800, 0x00000000fbc07000)
 Metaspace       used 8094K, capacity 8292K, committed 8576K, reserved 1056768K
  class space    used 980K, capacity 1060K, committed 1152K, reserved 1048576K
}
Event: 3.157 GC heap before
{Heap before GC invocations=13 (full 4):
 def new generation   total 7488K, used 527K [0x00000000f8200000, 0x00000000f8a10000, 0x00000000fac00000)
  eden space 6720K,   7% used [0x00000000f8200000, 0x00000000f8283c20, 0x00000000f8890000)
  from space 768K,   0% used [0x00000000f8890000, 0x00000000f8890000, 0x00000000f8950000)
  to   space 768K,   0% used [0x00000000f8950000, 0x00000000f8950000, 0x00000000f8a10000)
 tenured generation   total 25876K, used 19305K [0x00000000fac00000, 0x00000000fc545000, 0x0000000100000000)
   the space 25876K,  74% used [0x00000000fac00000, 0x00000000fbeda6f0, 0x00000000fbeda800, 0x00000000fc545000)
 Metaspace       used 8094K, capacity 8292K, committed 8576K, reserved 1056768K
  class space    used 980K, capacity 1060K, committed 1152K, reserved 1048576K
Event: 3.213 GC heap after
Heap after GC invocations=14 (full 5):
 def new generation   total 11712K, used 0K [0x00000000f8200000, 0x00000000f8eb0000, 0x00000000fac00000)
  eden space 10432K,   0% used [0x00000000f8200000, 0x00000000f8200000, 0x00000000f8c30000)
  from space 1280K,   0% used [0x00000000f8c30000, 0x00000000f8c30000, 0x00000000f8d70000)
  to   space 1280K,   0% used [0x00000000f8d70000, 0x00000000f8d70000, 0x00000000f8eb0000)
 tenured generation   total 25876K, used 14828K [0x00000000fac00000, 0x00000000fc545000, 0x0000000100000000)
   the space 25876K,  57% used [0x00000000fac00000, 0x00000000fba7b1a0, 0x00000000fba7b200, 0x00000000fc545000)
 Metaspace       used 8094K, capacity 8292K, committed 8576K, reserved 1056768K
  class space    used 980K, capacity 1060K, committed 1152K, reserved 1048576K
}
Event: 3.632 GC heap before
{Heap before GC invocations=14 (full 5):
 def new generation   total 11712K, used 613K [0x00000000f8200000, 0x00000000f8eb0000, 0x00000000fac00000)
  eden space 10432K,   5% used [0x00000000f8200000, 0x00000000f8299668, 0x00000000f8c30000)
  from space 1280K,   0% used [0x00000000f8c30000, 0x00000000f8c30000, 0x00000000f8d70000)
  to   space 1280K,   0% used [0x00000000f8d70000, 0x00000000f8d70000, 0x00000000f8eb0000)
 tenured generation   total 44800K, used 33748K [0x00000000fac00000, 0x00000000fd7c0000, 0x0000000100000000)
   the space 44800K,  75% used [0x00000000fac00000, 0x00000000fccf51b0, 0x00000000fccf5200, 0x00000000fd7c0000)
 Metaspace       used 8094K, capacity 8292K, committed 8576K, reserved 1056768K
  class space    used 980K, capacity 1060K, committed 1152K, reserved 1048576K
Event: 3.664 GC heap after
Heap after GC invocations=15 (full 6):
 def new generation   total 20224K, used 0K [0x00000000f8200000, 0x00000000f97f0000, 0x00000000fac00000)
  eden space 17984K,   0% used [0x00000000f8200000, 0x00000000f8200000, 0x00000000f9390000)
  from space 2240K,   0% used [0x00000000f9390000, 0x00000000f9390000, 0x00000000f95c0000)
  to   space 2240K,   0% used [0x00000000f95c0000, 0x00000000f95c0000, 0x00000000f97f0000)
 tenured generation   total 44800K, used 24600K [0x00000000fac00000, 0x00000000fd7c0000, 0x0000000100000000)
   the space 44800K,  54% used [0x00000000fac00000, 0x00000000fc406040, 0x00000000fc406200, 0x00000000fd7c0000)
 Metaspace       used 8094K, capacity 8292K, committed 8576K, reserved 1056768K
  class space    used 980K, capacity 1060K, committed 1152K, reserved 1048576K
}
Event: 4.055 GC heap before
{Heap before GC invocations=15 (full 6):
 def new generation   total 20224K, used 705K [0x00000000f8200000, 0x00000000f97f0000, 0x00000000fac00000)
  eden space 17984K,   3% used [0x00000000f8200000, 0x00000000f82b04e0, 0x00000000f9390000)
  from space 2240K,   0% used [0x00000000f9390000, 0x00000000f9390000, 0x00000000f95c0000)
  to   space 2240K,   0% used [0x00000000f95c0000, 0x00000000f95c0000, 0x00000000f97f0000)
 tenured generation   total 82644K, used 62440K [0x00000000fac00000, 0x00000000ffcb5000, 0x0000000100000000)
   the space 82644K,  75% used [0x00000000fac00000, 0x00000000fe8fa050, 0x00000000fe8fa200, 0x00000000ffcb5000)
 Metaspace       used 8094K, capacity 8292K, committed 8576K, reserved 1056768K
  class space    used 980K, capacity 1060K, committed 1152K, reserved 1048576K

